{"uuid": "286a378b-58a4-4a12-9156-04dac075a98e", "children": ["05e8c962-56ab-494f-b6c7-ccf9a30df7a9"], "befores": [{"name": "logged_in_page", "status": "broken", "statusDetails": {"message": "selenium.common.exceptions.ElementClickInterceptedException: Message: Element <button class=\"button_button__33qZ0 button_button_type_primary__1O7Bx button_button_size_medium__3zxIa\"> is not clickable at point (952,548) because another element <div class=\"Modal_modal_overlay__x2ZCr\"> obscures it; For documentation on this error, please visit: https://www.selenium.dev/documentation/webdriver/troubleshooting/errors#elementclickinterceptedexception\nStacktrace:\nRemoteError@chrome://remote/content/shared/RemoteError.sys.mjs:8:8\nWebDriverError@chrome://remote/content/shared/webdriver/Errors.sys.mjs:199:5\nElementClickInterceptedError@chrome://remote/content/shared/webdriver/Errors.sys.mjs:351:5\nwebdriverClickElement@chrome://remote/content/marionette/interaction.sys.mjs:175:11\ninteraction.clickElement@chrome://remote/content/marionette/interaction.sys.mjs:134:11\nclickElement@chrome://remote/content/marionette/actors/MarionetteCommandsChild.sys.mjs:327:29\nreceiveMessage@chrome://remote/content/marionette/actors/MarionetteCommandsChild.sys.mjs:210:31\n\n", "trace": "  File \"C:\\Users\\D3adm\\Desktop\\Diplom\\Diplom_3\\.venv\\Lib\\site-packages\\pluggy\\_callers.py\", line 38, in run_old_style_hookwrapper\n    res = yield\n          ^^^^^\n  File \"C:\\Users\\D3adm\\Desktop\\Diplom\\Diplom_3\\.venv\\Lib\\site-packages\\pluggy\\_callers.py\", line 139, in _multicall\n    teardown.throw(exception)\n  File \"C:\\Users\\D3adm\\Desktop\\Diplom\\Diplom_3\\.venv\\Lib\\site-packages\\_pytest\\setuponly.py\", line 36, in pytest_fixture_setup\n    return (yield)\n            ^^^^^\n  File \"C:\\Users\\D3adm\\Desktop\\Diplom\\Diplom_3\\.venv\\Lib\\site-packages\\pluggy\\_callers.py\", line 121, in _multicall\n    res = hook_impl.function(*args)\n          ^^^^^^^^^^^^^^^^^^^^^^^^^\n  File \"C:\\Users\\D3adm\\Desktop\\Diplom\\Diplom_3\\.venv\\Lib\\site-packages\\_pytest\\fixtures.py\", line 1195, in pytest_fixture_setup\n    result = call_fixture_func(fixturefunc, request, kwargs)\n             ^^^^^^^^^^^^^^^^^^^^^^^^^^^^^^^^^^^^^^^^^^^^^^^\n  File \"C:\\Users\\D3adm\\Desktop\\Diplom\\Diplom_3\\.venv\\Lib\\site-packages\\_pytest\\fixtures.py\", line 929, in call_fixture_func\n    fixture_result = fixturefunc(**kwargs)\n                     ^^^^^^^^^^^^^^^^^^^^^\n  File \"C:\\Users\\D3adm\\Desktop\\Diplom\\Diplom_3\\conftest.py\", line 29, in logged_in_page\n    page.login_user(UserData.user_email, UserData.user_password)\n  File \"C:\\Users\\D3adm\\Desktop\\Diplom\\Diplom_3\\.venv\\Lib\\site-packages\\allure_commons\\_allure.py\", line 202, in impl\n    return func(*a, **kw)\n           ^^^^^^^^^^^^^^\n  File \"C:\\Users\\D3adm\\Desktop\\Diplom\\Diplom_3\\web_pages\\order_feed_page.py\", line 14, in login_user\n    self.click(LoginPageLocators.LOGIN_BTN)\n  File \"C:\\Users\\D3adm\\Desktop\\Diplom\\Diplom_3\\.venv\\Lib\\site-packages\\allure_commons\\_allure.py\", line 202, in impl\n    return func(*a, **kw)\n           ^^^^^^^^^^^^^^\n  File \"C:\\Users\\D3adm\\Desktop\\Diplom\\Diplom_3\\web_pages\\base_page.py\", line 23, in click\n    element.click()\n  File \"C:\\Users\\D3adm\\Desktop\\Diplom\\Diplom_3\\.venv\\Lib\\site-packages\\selenium\\webdriver\\remote\\webelement.py\", line 120, in click\n    self._execute(Command.CLICK_ELEMENT)\n  File \"C:\\Users\\D3adm\\Desktop\\Diplom\\Diplom_3\\.venv\\Lib\\site-packages\\selenium\\webdriver\\remote\\webelement.py\", line 573, in _execute\n    return self._parent.execute(command, params)\n           ^^^^^^^^^^^^^^^^^^^^^^^^^^^^^^^^^^^^^\n  File \"C:\\Users\\D3adm\\Desktop\\Diplom\\Diplom_3\\.venv\\Lib\\site-packages\\selenium\\webdriver\\remote\\webdriver.py\", line 458, in execute\n    self.error_handler.check_response(response)\n  File \"C:\\Users\\D3adm\\Desktop\\Diplom\\Diplom_3\\.venv\\Lib\\site-packages\\selenium\\webdriver\\remote\\errorhandler.py\", line 232, in check_response\n    raise exception_class(message, screen, stacktrace)\n"}, "steps": [{"name": "Логин пользователя с email: 'sergei228@yandex.com'", "status": "broken", "statusDetails": {"message": "selenium.common.exceptions.ElementClickInterceptedException: Message: Element <button class=\"button_button__33qZ0 button_button_type_primary__1O7Bx button_button_size_medium__3zxIa\"> is not clickable at point (952,548) because another element <div class=\"Modal_modal_overlay__x2ZCr\"> obscures it; For documentation on this error, please visit: https://www.selenium.dev/documentation/webdriver/troubleshooting/errors#elementclickinterceptedexception\nStacktrace:\nRemoteError@chrome://remote/content/shared/RemoteError.sys.mjs:8:8\nWebDriverError@chrome://remote/content/shared/webdriver/Errors.sys.mjs:199:5\nElementClickInterceptedError@chrome://remote/content/shared/webdriver/Errors.sys.mjs:351:5\nwebdriverClickElement@chrome://remote/content/marionette/interaction.sys.mjs:175:11\ninteraction.clickElement@chrome://remote/content/marionette/interaction.sys.mjs:134:11\nclickElement@chrome://remote/content/marionette/actors/MarionetteCommandsChild.sys.mjs:327:29\nreceiveMessage@chrome://remote/content/marionette/actors/MarionetteCommandsChild.sys.mjs:210:31\n\n", "trace": "  File \"C:\\Users\\D3adm\\Desktop\\Diplom\\Diplom_3\\.venv\\Lib\\site-packages\\allure_commons\\_allure.py\", line 202, in impl\n    return func(*a, **kw)\n           ^^^^^^^^^^^^^^\n  File \"C:\\Users\\D3adm\\Desktop\\Diplom\\Diplom_3\\web_pages\\order_feed_page.py\", line 14, in login_user\n    self.click(LoginPageLocators.LOGIN_BTN)\n  File \"C:\\Users\\D3adm\\Desktop\\Diplom\\Diplom_3\\.venv\\Lib\\site-packages\\allure_commons\\_allure.py\", line 202, in impl\n    return func(*a, **kw)\n           ^^^^^^^^^^^^^^\n  File \"C:\\Users\\D3adm\\Desktop\\Diplom\\Diplom_3\\web_pages\\base_page.py\", line 23, in click\n    element.click()\n  File \"C:\\Users\\D3adm\\Desktop\\Diplom\\Diplom_3\\.venv\\Lib\\site-packages\\selenium\\webdriver\\remote\\webelement.py\", line 120, in click\n    self._execute(Command.CLICK_ELEMENT)\n  File \"C:\\Users\\D3adm\\Desktop\\Diplom\\Diplom_3\\.venv\\Lib\\site-packages\\selenium\\webdriver\\remote\\webelement.py\", line 573, in _execute\n    return self._parent.execute(command, params)\n           ^^^^^^^^^^^^^^^^^^^^^^^^^^^^^^^^^^^^^\n  File \"C:\\Users\\D3adm\\Desktop\\Diplom\\Diplom_3\\.venv\\Lib\\site-packages\\selenium\\webdriver\\remote\\webdriver.py\", line 458, in execute\n    self.error_handler.check_response(response)\n  File \"C:\\Users\\D3adm\\Desktop\\Diplom\\Diplom_3\\.venv\\Lib\\site-packages\\selenium\\webdriver\\remote\\errorhandler.py\", line 232, in check_response\n    raise exception_class(message, screen, stacktrace)\n"}, "steps": [{"name": "Открытие страницы 'https://stellarburgers.nomoreparties.site/login'", "status": "passed", "parameters": [{"name": "url", "value": "'https://stellarburgers.nomoreparties.site/login'"}], "start": 1757383174534, "stop": 1757383175008}, {"name": "Поиск элемента ('xpath', \"//label[text()='Email']/../input\")", "status": "passed", "parameters": [{"name": "locator", "value": "('xpath', \"//label[text()='Email']/../input\")"}], "start": 1757383175008, "stop": 1757383175016}, {"name": "Поиск элемента ('xpath', \"//label[text()='Пароль']/../input\")", "status": "passed", "parameters": [{"name": "locator", "value": "('xpath', \"//label[text()='Пароль']/../input\")"}], "start": 1757383175076, "stop": 1757383175079}, {"name": "Клик по элементу ('xpath', \"//button[text()='Войти']\")", "status": "broken", "statusDetails": {"message": "selenium.common.exceptions.ElementClickInterceptedException: Message: Element <button class=\"button_button__33qZ0 button_button_type_primary__1O7Bx button_button_size_medium__3zxIa\"> is not clickable at point (952,548) because another element <div class=\"Modal_modal_overlay__x2ZCr\"> obscures it; For documentation on this error, please visit: https://www.selenium.dev/documentation/webdriver/troubleshooting/errors#elementclickinterceptedexception\nStacktrace:\nRemoteError@chrome://remote/content/shared/RemoteError.sys.mjs:8:8\nWebDriverError@chrome://remote/content/shared/webdriver/Errors.sys.mjs:199:5\nElementClickInterceptedError@chrome://remote/content/shared/webdriver/Errors.sys.mjs:351:5\nwebdriverClickElement@chrome://remote/content/marionette/interaction.sys.mjs:175:11\ninteraction.clickElement@chrome://remote/content/marionette/interaction.sys.mjs:134:11\nclickElement@chrome://remote/content/marionette/actors/MarionetteCommandsChild.sys.mjs:327:29\nreceiveMessage@chrome://remote/content/marionette/actors/MarionetteCommandsChild.sys.mjs:210:31\n\n", "trace": "  File \"C:\\Users\\D3adm\\Desktop\\Diplom\\Diplom_3\\.venv\\Lib\\site-packages\\allure_commons\\_allure.py\", line 202, in impl\n    return func(*a, **kw)\n           ^^^^^^^^^^^^^^\n  File \"C:\\Users\\D3adm\\Desktop\\Diplom\\Diplom_3\\web_pages\\base_page.py\", line 23, in click\n    element.click()\n  File \"C:\\Users\\D3adm\\Desktop\\Diplom\\Diplom_3\\.venv\\Lib\\site-packages\\selenium\\webdriver\\remote\\webelement.py\", line 120, in click\n    self._execute(Command.CLICK_ELEMENT)\n  File \"C:\\Users\\D3adm\\Desktop\\Diplom\\Diplom_3\\.venv\\Lib\\site-packages\\selenium\\webdriver\\remote\\webelement.py\", line 573, in _execute\n    return self._parent.execute(command, params)\n           ^^^^^^^^^^^^^^^^^^^^^^^^^^^^^^^^^^^^^\n  File \"C:\\Users\\D3adm\\Desktop\\Diplom\\Diplom_3\\.venv\\Lib\\site-packages\\selenium\\webdriver\\remote\\webdriver.py\", line 458, in execute\n    self.error_handler.check_response(response)\n  File \"C:\\Users\\D3adm\\Desktop\\Diplom\\Diplom_3\\.venv\\Lib\\site-packages\\selenium\\webdriver\\remote\\errorhandler.py\", line 232, in check_response\n    raise exception_class(message, screen, stacktrace)\n"}, "parameters": [{"name": "locator", "value": "('xpath', \"//button[text()='Войти']\")"}], "start": 1757383175097, "stop": 1757383175111}], "parameters": [{"name": "email", "value": "'sergei228@yandex.com'"}, {"name": "password", "value": "'sergei228@yandex.com'"}], "start": 1757383174534, "stop": 1757383175113}], "start": 1757383174534, "stop": 1757383175114}], "start": 1757383174534, "stop": 1757383175237}